\BOOKMARK [0][-]{chapter.1}{Op\351rations sur les quotients}{}% 1
\BOOKMARK [1][-]{section.1.1}{Additionner ou soustraire des quotients}{chapter.1}% 2
\BOOKMARK [1][-]{section.1.2}{Multiplier des quotients}{chapter.1}% 3
\BOOKMARK [1][-]{section.1.3}{Diviser des quotients}{chapter.1}% 4
\BOOKMARK [0][-]{chapter.2}{\311galit\351s de quotients}{}% 5
\BOOKMARK [1][-]{section.2.1}{Le produit en croix}{chapter.2}% 6
\BOOKMARK [1][-]{section.2.2}{Proportionnalit\351}{chapter.2}% 7
\BOOKMARK [0][-]{chapter.3}{Puissances}{}% 8
\BOOKMARK [1][-]{section.3.1}{Puissance \340 exposant n\351gatif}{chapter.3}% 9
\BOOKMARK [1][-]{section.3.2}{Propri\351t\351s des puissances}{chapter.3}% 10
\BOOKMARK [0][-]{chapter.4}{D\351velopper un produit}{}% 11
\BOOKMARK [1][-]{section.4.1}{D\351veloppements \351l\351mentaires}{chapter.4}% 12
\BOOKMARK [1][-]{section.4.2}{D\351veloppements complexes}{chapter.4}% 13
\BOOKMARK [0][-]{chapter.5}{Factoriser une somme}{}% 14
\BOOKMARK [1][-]{section.5.1}{Factoriser par la mise en \351vidence d'un facteur commun}{chapter.5}% 15
\BOOKMARK [1][-]{section.5.2}{Factoriser \340 l'aide d'une identit\351 remarquable}{chapter.5}% 16
\BOOKMARK [0][-]{chapter.6}{Les polyn\364mes}{}% 17
\BOOKMARK [1][-]{section.6.1}{Les mon\364mes}{chapter.6}% 18
\BOOKMARK [1][-]{section.6.2}{Les polyn\364mes}{chapter.6}% 19
\BOOKMARK [0][-]{chapter.7}{Les fractions rationnelles}{}% 20
\BOOKMARK [1][-]{section.7.1}{Les fractions rationnelles}{chapter.7}% 21
\BOOKMARK [1][-]{section.7.2}{Condition d'existence d'une valeur num\351rique}{chapter.7}% 22
\BOOKMARK [1][-]{section.7.3}{Simplifier une fraction rationnelle}{chapter.7}% 23
\BOOKMARK [0][-]{chapter.8}{Les racines carr\351s}{}% 24
\BOOKMARK [1][-]{section.8.1}{Pr\351sentation}{chapter.8}% 25
\BOOKMARK [1][-]{section.8.2}{\311criture sous la forme de ab}{chapter.8}% 26
\BOOKMARK [0][-]{chapter.9}{Calculer avec les racines carr\351s}{}% 27
\BOOKMARK [1][-]{section.9.1}{Addition et soustraction}{chapter.9}% 28
\BOOKMARK [1][-]{section.9.2}{Multiplication}{chapter.9}% 29
\BOOKMARK [1][-]{section.9.3}{Division}{chapter.9}% 30
\BOOKMARK [0][-]{chapter.10}{Les intervalles}{}% 31
\BOOKMARK [0][-]{chapter.11}{D\351nombrement}{}% 32
\BOOKMARK [0][-]{chapter.12}{Approximation d\351cimale des nombres r\351els}{}% 33
\BOOKMARK [0][-]{chapter.13}{Les applications}{}% 34
\BOOKMARK [0][-]{chapter.14}{Les applications affines}{}% 35
\BOOKMARK [0][-]{chapter.15}{Sens de variation d'une application affine}{}% 36
\BOOKMARK [0][-]{chapter.16}{Parler statistique}{}% 37
\BOOKMARK [1][-]{section.16.1}{Population-individu}{chapter.16}% 38
\BOOKMARK [1][-]{section.16.2}{Caract\350re-modalit\351}{chapter.16}% 39
\BOOKMARK [1][-]{section.16.3}{Nature d'un caract\350re}{chapter.16}% 40
\BOOKMARK [0][-]{chapter.17}{Traitement des donn\351es}{}% 41
\BOOKMARK [1][-]{section.17.1}{La fr\351quence d'une modalit\351}{chapter.17}% 42
\BOOKMARK [1][-]{section.17.2}{Le mode d'une s\351rie statistique}{chapter.17}% 43
\BOOKMARK [1][-]{section.17.3}{Les cumules}{chapter.17}% 44
\BOOKMARK [0][-]{chapter.18}{Visualiser une s\351rie statistique par un diagramme}{}% 45
\BOOKMARK [0][-]{chapter.19}{Le th\351or\350me de Thal\350s}{}% 46
\BOOKMARK [0][-]{chapter.20}{La r\351ciproque du th\351or\350me de Thal\350s}{}% 47
\BOOKMARK [0][-]{chapter.21}{Le th\351or\350me de Pythagore}{}% 48
\BOOKMARK [0][-]{chapter.22}{D\351montrer qu'un triangle est rectangle}{}% 49
\BOOKMARK [0][-]{chapter.23}{Sinus, cosinus et tangente d'un angle aigu}{}% 50
\BOOKMARK [0][-]{chapter.24}{Propri\351t\351s des vecteurs}{}% 51
\BOOKMARK [0][-]{chapter.25}{Rep\351rer un point dans le plan}{}% 52
\BOOKMARK [0][-]{chapter.26}{Les coordonn\351es d'un vecteur}{}% 53
\BOOKMARK [0][-]{chapter.27}{\311quations cart\351siennes d'une droite}{}% 54
\BOOKMARK [0][-]{chapter.28}{Les angles inscrits}{}% 55
\BOOKMARK [0][-]{chapter.29}{Les pyramides et les c\364nes}{}% 56
